<?xml version="1.0" encoding="UTF-8"?>
<!-- Generated by org.testng.reporters.JUnitXMLReporter -->
<testsuite ignored="0" hostname="MF-TNRQD6Z5LFMQ" failures="0" tests="3" name="Default test" time="0.233" errors="0" timestamp="2025-08-19T11:48:39 IST">
  <testcase classname="practicesession.DataProvider2" name="validateCategoryItem" time="0.006"/>
  <testcase classname="practicesession.DataProvider2" name="validateCategoryItem" time="0.002"/>
  <testcase classname="practicesession.DataProvider2" name="validateCategoryItem" time="0.002"/>
</testsuite> <!-- Default test -->
