<?xml version="1.0" encoding="UTF-8"?>
<testng-results ignored="0" total="2" passed="2" failed="0" skipped="0">
  <reporter-output>
  </reporter-output>
  <suite started-at="2025-04-12T12:28:10 IST" name="Surefire suite" finished-at="2025-04-12T12:28:14 IST" duration-ms="4062">
    <groups>
    </groups>
    <test started-at="2025-04-12T12:28:10 IST" name="Surefire test" finished-at="2025-04-12T12:28:14 IST" duration-ms="4062">
      <class name="april_7th.Test1">
        <test-method signature="learn1()[pri:0, instance:april_7th.Test1@1d548a08]" started-at="2025-04-12T12:28:10 IST" name="learn1" finished-at="2025-04-12T12:28:12 IST" duration-ms="2439" status="PASS">
          <reporter-output>
          </reporter-output>
        </test-method> <!-- learn1 -->
        <test-method signature="learn2()[pri:0, instance:april_7th.Test1@1d548a08]" started-at="2025-04-12T12:28:12 IST" name="learn2" finished-at="2025-04-12T12:28:14 IST" duration-ms="1591" status="PASS">
          <reporter-output>
          </reporter-output>
        </test-method> <!-- learn2 -->
      </class> <!-- april_7th.Test1 -->
    </test> <!-- Surefire test -->
  </suite> <!-- Surefire suite -->
</testng-results>
