<?xml version="1.0" encoding="UTF-8"?>
<testsuite xmlns:xsi="http://www.w3.org/2001/XMLSchema-instance" xsi:noNamespaceSchemaLocation="https://maven.apache.org/surefire/maven-surefire-plugin/xsd/surefire-test-report.xsd" version="3.0.1" name="april_7th.Test1" time="4.431" tests="2" errors="0" skipped="0" failures="0">
  <properties>
[...]
</properties>
  <testcase name="learn1" classname="april_7th.Test1" time="2.439">
    <system-out><![CDATA[Request method:	GET
Request URI:	https://thinking-tester-contact-list.herokuapp.com/contacts
Proxy:			<none>
Request params:	<none>
Query params:	<none>
Form params:	<none>
Path params:	<none>
Headers:		Authorization=Bearer eyJhbGciOiJIUzI1NiIsInR5cCI6IkpXVCJ9.eyJfaWQiOiI2N2Y1ZTdkYTBhNmVjNDAwMTM0Y2FmNGUiLCJpYXQiOjE3NDQxNjg5MjJ9.x6eJKEWb-nXVxW0ma6yBT-bQfYOYHkbgKWx8IJXo_LE
				Accept=*/*
Cookies:		<none>
Multiparts:		<none>
Body:			<none>
HTTP/1.1 200 OK
Server: Cowboy
Report-To: {"group":"heroku-nel","max_age":3600,"endpoints":[{"url":"https://nel.heroku.com/reports?ts=1744441092&sid=af571f24-03ee-46d1-9f90-ab9030c2c74c&s=o8A9cHXauzswjvpSuXeuR9%2Bf12tmT%2Fp9DHGunSsxELY%3D"}]}
Reporting-Endpoints: heroku-nel=https://nel.heroku.com/reports?ts=1744441092&sid=af571f24-03ee-46d1-9f90-ab9030c2c74c&s=o8A9cHXauzswjvpSuXeuR9%2Bf12tmT%2Fp9DHGunSsxELY%3D
Nel: {"report_to":"heroku-nel","max_age":3600,"success_fraction":0.005,"failure_fraction":0.05,"response_headers":["Via"]}
Connection: keep-alive
X-Powered-By: Express
Content-Type: application/json; charset=utf-8
Content-Length: 268
Etag: W/"10c-/TMQi2fwQN8rF0e7w59mZzrdFQc"
Date: Sat, 12 Apr 2025 06:58:12 GMT
Via: 1.1 vegur

[
    {
        "_id": "67f5e80087bafb0013f91174",
        "firstName": "Gaurav",
        "lastName": "Varma",
        "email": "gauravanthara123@gmail.com",
        "street1": "lady hill",
        "city": "Dak. Kannada",
        "stateProvince": "Karnataka",
        "postalCode": "575004",
        "country": "India",
        "owner": "67f5e7da0a6ec400134caf4e",
        "__v": 0
    }
]
]]></system-out>
    <system-err><![CDATA[SLF4J: Failed to load class "org.slf4j.impl.StaticLoggerBinder".
SLF4J: Defaulting to no-operation (NOP) logger implementation
SLF4J: See http://www.slf4j.org/codes.html#StaticLoggerBinder for further details.
]]></system-err>
  </testcase>
  <testcase name="learn2" classname="april_7th.Test1" time="1.59">
    <system-out><![CDATA[Request method:	GET
Request URI:	https://thinking-tester-contact-list.herokuapp.com/contacts
Proxy:			<none>
Request params:	<none>
Query params:	<none>
Form params:	<none>
Path params:	<none>
Headers:		Authorization=Bearer-test
				Accept=*/*
Cookies:		<none>
Multiparts:		<none>
Body:			<none>
Please authenticate.---------------------------------
]]></system-out>
  </testcase>
</testsuite>