<?xml version="1.0" encoding="UTF-8"?>
<testng-results ignored="0" total="3" passed="3" failed="0" skipped="0">
  <reporter-output>
  </reporter-output>
  <suite started-at="2025-08-19T11:48:39 IST" name="Default suite" finished-at="2025-08-19T11:48:39 IST" duration-ms="233">
    <groups>
    </groups>
    <test started-at="2025-08-19T11:48:39 IST" name="Default test" finished-at="2025-08-19T11:48:39 IST" duration-ms="233">
      <class name="practicesession.DataProvider2">
        <test-method signature="validateCategoryItem(java.lang.Object,java.lang.Object)[pri:0, instance:practicesession.DataProvider2@9f116cc]" started-at="2025-08-19T11:48:39 IST" name="validateCategoryItem" data-provider="categoryData" finished-at="2025-08-19T11:48:39 IST" duration-ms="6" status="PASS">
          <params>
            <param index="0">
              <value>
                <![CDATA[1]]>
              </value>
            </param>
            <param index="1">
              <value>
                <![CDATA[Dogs]]>
              </value>
            </param>
          </params>
          <reporter-output>
          </reporter-output>
        </test-method> <!-- validateCategoryItem -->
        <test-method signature="validateCategoryItem(java.lang.Object,java.lang.Object)[pri:0, instance:practicesession.DataProvider2@9f116cc]" started-at="2025-08-19T11:48:39 IST" name="validateCategoryItem" data-provider="categoryData" finished-at="2025-08-19T11:48:39 IST" duration-ms="2" status="PASS">
          <params>
            <param index="0">
              <value>
                <![CDATA[111]]>
              </value>
            </param>
            <param index="1">
              <value>
                <![CDATA[Dogs1111]]>
              </value>
            </param>
          </params>
          <reporter-output>
          </reporter-output>
        </test-method> <!-- validateCategoryItem -->
        <test-method signature="validateCategoryItem(java.lang.Object,java.lang.Object)[pri:0, instance:practicesession.DataProvider2@9f116cc]" started-at="2025-08-19T11:48:39 IST" name="validateCategoryItem" data-provider="categoryData" finished-at="2025-08-19T11:48:39 IST" duration-ms="2" status="PASS">
          <params>
            <param index="0">
              <value>
                <![CDATA[221]]>
              </value>
            </param>
            <param index="1">
              <value>
                <![CDATA[Dogs2222]]>
              </value>
            </param>
          </params>
          <reporter-output>
          </reporter-output>
        </test-method> <!-- validateCategoryItem -->
      </class> <!-- practicesession.DataProvider2 -->
    </test> <!-- Default test -->
  </suite> <!-- Default suite -->
</testng-results>
