<?xml version="1.0" encoding="UTF-8"?>
<testng-results ignored="0" total="2" passed="2" failed="0" skipped="0">
  <reporter-output>
  </reporter-output>
  <suite started-at="2025-05-15T00:13:00 IST" name="Default suite" finished-at="2025-05-15T00:13:05 IST" duration-ms="4645">
    <groups>
    </groups>
    <test started-at="2025-05-15T00:13:00 IST" name="Default test" finished-at="2025-05-15T00:13:05 IST" duration-ms="4645">
      <class name="april_9th.QueryParam">
        <test-method signature="query()[pri:0, instance:april_9th.QueryParam@3bb9a3ff]" started-at="2025-05-15T00:13:00 IST" name="query" finished-at="2025-05-15T00:13:04 IST" duration-ms="3742" status="PASS">
          <reporter-output>
          </reporter-output>
        </test-method> <!-- query -->
        <test-method signature="query1()[pri:0, instance:april_9th.QueryParam@3bb9a3ff]" started-at="2025-05-15T00:13:04 IST" name="query1" finished-at="2025-05-15T00:13:05 IST" duration-ms="851" status="PASS">
          <reporter-output>
          </reporter-output>
        </test-method> <!-- query1 -->
      </class> <!-- april_9th.QueryParam -->
    </test> <!-- Default test -->
  </suite> <!-- Default suite -->
</testng-results>
